<?xml version="1.0" encoding="UTF-8"?>
<!-- Generated by org.testng.reporters.JUnitReportReporter -->
<testsuite hostname="Brahmotris-MacBook-Pro.local" failures="0" tests="1" name="org.iitwforce.restassured.restassured.Test.JsonPlaceHolderTests" time="0.509" errors="0" timestamp="19 Feb 2025 22:23:26 GMT" skipped="0">
  <testcase classname="org.iitwforce.restassured.restassured.Test.JsonPlaceHolderTests" name="verifyJsonPlaceholder_allusers" time="0.509"/>
</testsuite> <!-- org.iitwforce.restassured.restassured.Test.JsonPlaceHolderTests -->
