<?xml version="1.0" encoding="UTF-8"?>
<!-- Generated by org.testng.reporters.JUnitReportReporter -->
<testsuite hostname="Devi_lenovo" failures="0" tests="1" name="org.iitwforce.restassured.restassured.AddNewPetTest" time="2.074" errors="0" timestamp="14 May 2024 14:12:02 GMT" skipped="0">
  <testcase classname="org.iitwforce.restassured.restassured.AddNewPetTest" name="validateAddNewPet" time="2.074"/>
</testsuite> <!-- org.iitwforce.restassured.restassured.AddNewPetTest -->
