<?xml version="1.0" encoding="UTF-8"?>
<!-- Generated by org.testng.reporters.JUnitReportReporter -->
<testsuite hostname="Devi_lenovo" failures="0" tests="3" name="org.iitwforce.restassured.restassured.GetNewlyAddedPetTest" time="2.716" errors="0" timestamp="14 May 2024 15:55:11 GMT" skipped="0">
  <testcase classname="org.iitwforce.restassured.restassured.GetNewlyAddedPetTest" name="validatefindByAvailableStatus" time="2.074"/>
  <testcase classname="org.iitwforce.restassured.restassured.GetNewlyAddedPetTest" name="validatefindByPendingStatus" time="0.317"/>
  <testcase classname="org.iitwforce.restassured.restassured.GetNewlyAddedPetTest" name="validatefindBySoldStatus" time="0.325"/>
</testsuite> <!-- org.iitwforce.restassured.restassured.GetNewlyAddedPetTest -->
