<?xml version="1.0" encoding="UTF-8"?>
<!-- Generated by org.testng.reporters.JUnitReportReporter -->
<testsuite hostname="Brahmotris-MacBook-Pro.local" failures="0" tests="1" name="org.iitwforce.restassured.restassured.AddNewPetTest" time="0.728" errors="0" timestamp="18 Feb 2025 20:30:42 GMT" skipped="0">
  <testcase classname="org.iitwforce.restassured.restassured.AddNewPetTest" name="validateAddNewPet" time="0.728"/>
</testsuite> <!-- org.iitwforce.restassured.restassured.AddNewPetTest -->
