<?xml version="1.0" encoding="UTF-8"?>
<!-- Generated by org.testng.reporters.JUnitReportReporter -->
<testsuite hostname="Brahmotris-MacBook-Pro.local" failures="0" tests="1" name="org.iitwforce.restassured.restassured.Test.AddNewPetTest" time="0.700" errors="0" timestamp="19 Feb 2025 22:20:47 GMT" skipped="0">
  <testcase classname="org.iitwforce.restassured.restassured.Test.AddNewPetTest" name="validateAddNewPet" time="0.700"/>
</testsuite> <!-- org.iitwforce.restassured.restassured.Test.AddNewPetTest -->
