<?xml version="1.0" encoding="UTF-8"?>
<!-- Generated by org.testng.reporters.JUnitReportReporter -->
<testsuite hostname="Devi_lenovo" failures="0" tests="1" name="org.iitwforce.restassured.restassured.UpdateNewlyAddedPetTest" time="2.383" errors="0" timestamp="14 May 2024 21:01:52 GMT" skipped="0">
  <testcase classname="org.iitwforce.restassured.restassured.UpdateNewlyAddedPetTest" name="validateUpdateExistingPet" time="2.383"/>
</testsuite> <!-- org.iitwforce.restassured.restassured.UpdateNewlyAddedPetTest -->
