<?xml version="1.0" encoding="UTF-8"?>
<!-- Generated by org.testng.reporters.JUnitReportReporter -->
<testsuite hostname="Devi_lenovo" failures="0" tests="5" name="org.iitwforce.restassured.restassured.PetStoreTests" time="3.190" errors="0" timestamp="13 May 2024 23:02:58 GMT" skipped="1">
  <testcase classname="org.iitwforce.restassured.restassured.PetStoreTests" name="validatefindByPendingStatus" time="0.481"/>
  <testcase classname="org.iitwforce.restassured.restassured.PetStoreTests" name="validatePetOrderCreation" time="1.804"/>
  <testcase classname="org.iitwforce.restassured.restassured.PetStoreTests" name="validatefindByAvailableStatus" time="0.508"/>
  <testcase classname="org.iitwforce.restassured.restassured.PetStoreTests" name="validatefindBySoldStatus" time="0.397"/>
  <testcase classname="org.iitwforce.restassured.restassured.PetStoreTests" name="verifyAddNewPet">
    <skipped/>
  </testcase> <!-- verifyAddNewPet -->
</testsuite> <!-- org.iitwforce.restassured.restassured.PetStoreTests -->
