<?xml version="1.0" encoding="UTF-8"?>
<!-- Generated by org.testng.reporters.JUnitReportReporter -->
<testsuite hostname="Devi_lenovo" failures="0" tests="1" name="org.iitwforce.restassured.restassured.AddNewPet" time="1.856" errors="0" timestamp="13 May 2024 15:45:13 GMT" skipped="0">
  <testcase classname="org.iitwforce.restassured.restassured.AddNewPet" name="validateAddNewPet" time="1.856"/>
</testsuite> <!-- org.iitwforce.restassured.restassured.AddNewPet -->
